<?xml version="1.0" encoding="UTF-8"?>
<!-- Generated by org.testng.reporters.JUnitReportReporter -->
<testsuite hostname="MSI" failures="0" tests="1" name="SeleniumFramWork.Tests.SubmitOrderTestTunning" time="7.616" errors="0" timestamp="23 Oct 2022 13:52:08 GMT" skipped="0">
  <testcase classname="SeleniumFramWork.Tests.SubmitOrderTestTunning" name="SubmitOrder" time="7.616"/>
</testsuite> <!-- SeleniumFramWork.Tests.SubmitOrderTestTunning -->
