<?xml version="1.0" encoding="UTF-8"?>
<!-- Generated by org.testng.reporters.JUnitReportReporter -->
<testsuite hostname="MSI" failures="0" tests="2" name="SeleniumFramWork.Tests.SubmitOrderTestTunning" time="26.834" errors="0" timestamp="25 Oct 2022 13:01:44 GMT" skipped="0">
  <testcase classname="SeleniumFramWork.Tests.SubmitOrderTestTunning" name="SubmitOrder" time="5.971"/>
  <testcase classname="SeleniumFramWork.Tests.SubmitOrderTestTunning" name="SubmitOrder" time="20.863"/>
</testsuite> <!-- SeleniumFramWork.Tests.SubmitOrderTestTunning -->
