<?xml version="1.0" encoding="UTF-8"?>
<!-- Generated by org.testng.reporters.JUnitReportReporter -->
<testsuite hostname="MSI" failures="0" tests="2" name="SeleniumFramWork.Tests.SubmitOrderTestTunning" time="33.605" errors="0" timestamp="24 Oct 2022 20:23:28 GMT" skipped="0">
  <testcase classname="SeleniumFramWork.Tests.SubmitOrderTestTunning" name="SubmitOrder" time="14.825"/>
  <testcase classname="SeleniumFramWork.Tests.SubmitOrderTestTunning" name="OrderHistory" time="18.780"/>
</testsuite> <!-- SeleniumFramWork.Tests.SubmitOrderTestTunning -->
