<?xml version="1.0" encoding="UTF-8"?>
<!-- Generated by org.testng.reporters.JUnitReportReporter -->
<testsuite hostname="MSI" failures="0" tests="2" name="SeleniumFramWork.Tests.SubmitOrderTestTunning" time="11.681" errors="0" timestamp="03 Jul 2023 18:14:31 GMT" skipped="0">
  <testcase classname="SeleniumFramWork.Tests.SubmitOrderTestTunning" name="SubmitOrder" time="6.616"/>
  <testcase classname="SeleniumFramWork.Tests.SubmitOrderTestTunning" name="SubmitOrder" time="5.065"/>
</testsuite> <!-- SeleniumFramWork.Tests.SubmitOrderTestTunning -->
