<?xml version="1.0" encoding="UTF-8"?>
<!-- Generated by org.testng.reporters.JUnitReportReporter -->
<testsuite hostname="MSI" failures="0" tests="1" name="SeleniumFramWork.Tests.ErrorValidationsTest" time="4.595" errors="0" timestamp="24 Oct 2022 20:49:32 GMT" skipped="0">
  <testcase classname="SeleniumFramWork.Tests.ErrorValidationsTest" name="LogInErrorValidations" time="4.595"/>
</testsuite> <!-- SeleniumFramWork.Tests.ErrorValidationsTest -->
