<?xml version="1.0" encoding="UTF-8"?>
<!-- Generated by org.testng.reporters.JUnitReportReporter -->
<testsuite hostname="MSI" failures="0" tests="3" name="SeleniumFramWork.Tests.SubmitOrderTestTunning" time="15.915" errors="0" timestamp="26 Oct 2022 19:55:08 GMT" skipped="0">
  <testcase classname="SeleniumFramWork.Tests.SubmitOrderTestTunning" name="OrderHistory" time="4.562"/>
  <testcase classname="SeleniumFramWork.Tests.SubmitOrderTestTunning" name="SubmitOrder" time="6.231"/>
  <testcase classname="SeleniumFramWork.Tests.SubmitOrderTestTunning" name="SubmitOrder" time="5.122"/>
</testsuite> <!-- SeleniumFramWork.Tests.SubmitOrderTestTunning -->
